<?xml version="1.0" encoding="UTF-8"?>
<!-- Generated by org.testng.reporters.JUnitXMLReporter -->
<testsuite hostname="VAPS" ignored="0" name="parallel class test" tests="3" failures="0" timestamp="2020-09-24T23:19:30 IST" time="0.062" errors="0">
  <testcase name="testCaseOne" time="0.0" classname="testNGParallelConcepts.Parallelclass1"/>
  <testcase name="testCaseTwo" time="0.0" classname="testNGParallelConcepts.ParallelClass2"/>
  <testcase name="testCaseThree" time="0.0" classname="testNGParallelConcepts.ParallelClass3"/>
</testsuite> <!-- parallel class test -->
