<?xml version="1.0" encoding="UTF-8"?>
<!-- Generated by org.testng.reporters.JUnitXMLReporter -->
<testsuite hostname="VAPS" ignored="2" name=" grouping Test" tests="1" failures="0" timestamp="2020-09-22T09:18:27 IST" time="0.051" errors="0">
  <testcase name="test1" time="0.007" classname="testNGConcepts.groupingExample"/>
  <testcase name="test2" time="0.0" classname="testNGConcepts.groupingExample">
    <ignored/>
  </testcase> <!-- test2 -->
  <testcase name="test3" time="0.0" classname="testNGConcepts.groupingExample">
    <ignored/>
  </testcase> <!-- test3 -->
</testsuite> <!--  grouping Test -->
