<?xml version="1.0" encoding="UTF-8"?>
<!-- Generated by org.testng.reporters.JUnitXMLReporter -->
<testsuite hostname="VAPS" ignored="0" name="Test" tests="2" failures="1" timestamp="2020-09-26T00:16:03 IST" time="0.078" errors="0">
  <testcase name="testcase1" time="0.01" classname="testNGListeners.SuiteLevelListener"/>
  <testcase name="testcase2" time="0.006" classname="testNGListeners.SuiteLevelListener">
    <failure type="java.lang.AssertionError" message="expected [true] but found [false]">
      <![CDATA[java.lang.AssertionError: expected [true] but found [false]
at testNGListeners.SuiteLevelListener.testcase2(SuiteLevelListener.java:18)
at java.util.ArrayList.forEach(Unknown Source)
... Removed 31 stack frames]]>
    </failure>
  </testcase> <!-- testcase2 -->
</testsuite> <!-- Test -->
