<?xml version="1.0" encoding="UTF-8"?>
<!-- Generated by org.testng.reporters.JUnitXMLReporter -->
<testsuite hostname="VAPS" ignored="0" name="login Test" tests="4" failures="0" timestamp="2020-09-17T08:12:48 IST" time="43.273" errors="0">
  <testcase name="Both_Incorrect" time="8.671" classname="DataDriven.BothIncorrect"/>
  <testcase name="Wrong_Password" time="7.578" classname="DataDriven.WrongPassword"/>
  <testcase name="Wrong_UserName" time="7.831" classname="DataDriven.WrongUserName"/>
  <testcase name="Both_Correct" time="19.131" classname="DataDriven.BothCorrect"/>
</testsuite> <!-- login Test -->
