<?xml version="1.0" encoding="UTF-8"?>
<!-- Generated by org.testng.reporters.JUnitXMLReporter -->
<testsuite hostname="VAPS" ignored="4" name="test Cases" tests="3" failures="0" timestamp="2020-09-25T07:59:19 IST" time="0.062" errors="0">
  <testcase name="TestCase1" time="0.0" classname="testNGHierarchy.TestNgHierachy1"/>
  <testcase name="TestCase2" time="0.0" classname="testNGHierarchy.TestNgHierachy1"/>
  <testcase name="TestCase3" time="0.0" classname="testNGHierarchy.TestNgHierarchy2"/>
  <testcase name="@AfterSuite afterSuite" time="0.0" classname="testNGHierarchy.TestNgHierarchy">
    <ignored/>
  </testcase> <!-- @AfterSuite afterSuite -->
  <testcase name="@AfterTest afterTest" time="0.0" classname="testNGHierarchy.TestNgHierarchy">
    <ignored/>
  </testcase> <!-- @AfterTest afterTest -->
  <testcase name="@BeforeSuite beforeSuite" time="0.0" classname="testNGHierarchy.TestNgHierarchy">
    <ignored/>
  </testcase> <!-- @BeforeSuite beforeSuite -->
  <testcase name="@BeforeTest beforeTest" time="0.0" classname="testNGHierarchy.TestNgHierarchy">
    <ignored/>
  </testcase> <!-- @BeforeTest beforeTest -->
</testsuite> <!-- test Cases -->
