<?xml version="1.0" encoding="UTF-8"?>
<testng-results skipped="0" failed="0" ignored="0" total="1" passed="1">
  <reporter-output>
  </reporter-output>
  <suite name="Suite" duration-ms="7084" started-at="2020-10-30T19:08:11 IST" finished-at="2020-10-30T19:08:18 IST">
    <groups>
    </groups>
    <test name="Test" duration-ms="7084" started-at="2020-10-30T19:08:11 IST" finished-at="2020-10-30T19:08:18 IST">
      <class name="Package.sample">
        <test-method status="PASS" signature="extentSetUp()[pri:0, instance:Package.sample@79b4d0f]" name="extentSetUp" is-config="true" duration-ms="170" started-at="2020-10-30T19:08:11 IST" finished-at="2020-10-30T19:08:11 IST">
          <reporter-output>
          </reporter-output>
        </test-method> <!-- extentSetUp -->
        <test-method status="PASS" signature="setUP()[pri:0, instance:Package.sample@79b4d0f]" name="setUP" is-config="true" duration-ms="5776" started-at="2020-10-30T19:08:11 IST" finished-at="2020-10-30T19:08:17 IST">
          <reporter-output>
          </reporter-output>
        </test-method> <!-- setUP -->
        <test-method status="PASS" signature="VerifyPageTitle()[pri:0, instance:Package.sample@79b4d0f]" name="VerifyPageTitle" duration-ms="9" started-at="2020-10-30T19:08:17 IST" finished-at="2020-10-30T19:08:17 IST">
          <reporter-output>
          </reporter-output>
        </test-method> <!-- VerifyPageTitle -->
        <test-method status="PASS" signature="dearDown(org.testng.ITestResult)[pri:0, instance:Package.sample@79b4d0f]" name="dearDown" is-config="true" duration-ms="1069" started-at="2020-10-30T19:08:17 IST" finished-at="2020-10-30T19:08:18 IST">
          <params>
            <param index="0">
              <value>
                <![CDATA[[TestResult name=VerifyPageTitle status=SUCCESS method=sample.VerifyPageTitle()[pri:0, instance:Package.sample@79b4d0f] output={null}]]]>
              </value>
            </param>
          </params>
          <reporter-output>
          </reporter-output>
        </test-method> <!-- dearDown -->
        <test-method status="PASS" signature="endSuite()[pri:0, instance:Package.sample@79b4d0f]" name="endSuite" is-config="true" duration-ms="285" started-at="2020-10-30T19:08:18 IST" finished-at="2020-10-30T19:08:18 IST">
          <reporter-output>
          </reporter-output>
        </test-method> <!-- endSuite -->
      </class> <!-- Package.sample -->
    </test> <!-- Test -->
  </suite> <!-- Suite -->
</testng-results>
