<?xml version="1.0" encoding="UTF-8"?>
<!-- Generated by org.testng.reporters.JUnitXMLReporter -->
<testsuite hostname="VAPS" ignored="0" name="Default test" tests="3" failures="0" timestamp="2020-10-26T20:05:46 IST" time="2.611" errors="0">
  <testcase name="postMethod" time="0.96" classname="APIAutomationUsingJava.net.PostMethodUsingjava"/>
  <testcase name="PutMethos" time="0.806" classname="APIAutomationUsingJava.net.PutMethodUsingJava"/>
  <testcase name="DeleteMethos" time="0.79" classname="APIAutomationUsingJava.net.DeleteMethodUsingJava"/>
</testsuite> <!-- Default test -->
